<?xml version="1.0" encoding="UTF-8"?>
<Site BuildName="(empty)"
	BuildStamp="20231205-1244-Experimental"
	Name="skbt-BIT"
	Generator="ctest-3.16.3"
	CompilerName="/usr/bin/g++"
	CompilerVersion="9.4.0"
	OSName="Linux"
	Hostname="skbt-BIT"
	OSRelease="5.15.0-88-generic"
	OSVersion="#98~20.04.1-Ubuntu SMP Mon Oct 9 16:43:45 UTC 2023"
	OSPlatform="x86_64"
	Is64Bits="1"
	VendorString="GenuineIntel"
	VendorID="Intel Corporation"
	FamilyID="6"
	ModelID="140"
	ProcessorCacheSize="12288"
	NumberOfLogicalCPU="8"
	NumberOfPhysicalCPU="4"
	TotalVirtualMemory="15719"
	TotalPhysicalMemory="15648"
	LogicalProcessorsPerPhysical="2"
	ProcessorClockFrequency="2800"
	>
	<Testing>
		<StartDateTime>Dec 05 20:44 CST</StartDateTime>
		<StartTestTime>1701780274</StartTestTime>
		<TestList/>
		<EndDateTime>Dec 05 20:44 CST</EndDateTime>
		<EndTestTime>1701780274</EndTestTime>
		<ElapsedMinutes>0</ElapsedMinutes>
	</Testing>
</Site>
