<?xml version="1.0" encoding="UTF-8"?>
<Site BuildName="(empty)"
	BuildStamp="20231206-0721-Experimental"
	Name="skbt-BIT"
	Generator="ctest-3.16.3"
	CompilerName="/usr/bin/g++"
	CompilerVersion="9.4.0"
	OSName="Linux"
	Hostname="skbt-BIT"
	OSRelease="5.15.0-89-generic"
	OSVersion="#99~20.04.1-Ubuntu SMP Thu Nov 2 15:16:47 UTC 2023"
	OSPlatform="x86_64"
	Is64Bits="1"
	VendorString="GenuineIntel"
	VendorID="Intel Corporation"
	FamilyID="6"
	ModelID="140"
	ProcessorCacheSize="12288"
	NumberOfLogicalCPU="8"
	NumberOfPhysicalCPU="4"
	TotalVirtualMemory="15719"
	TotalPhysicalMemory="15648"
	LogicalProcessorsPerPhysical="2"
	ProcessorClockFrequency="2800"
	>
	<Testing>
		<StartDateTime>Dec 06 15:21 CST</StartDateTime>
		<StartTestTime>1701847268</StartTestTime>
		<TestList/>
		<EndDateTime>Dec 06 15:21 CST</EndDateTime>
		<EndTestTime>1701847268</EndTestTime>
		<ElapsedMinutes>0</ElapsedMinutes>
	</Testing>
</Site>
